<?xml version="1.0" encoding="UTF-8"?>
<coverage generated="1574087590812" clover="3.2.0">
  <project timestamp="1574087590813" name="All files">
    <metrics statements="100" coveredstatements="100" conditionals="52" coveredconditionals="52" methods="73" coveredmethods="73" elements="225" coveredelements="225" complexity="0" loc="100" ncloc="100" packages="2" files="3" classes="3"/>
    <package name="src">
      <metrics statements="81" coveredstatements="81" conditionals="48" coveredconditionals="48" methods="58" coveredmethods="58"/>
      <file name="table.ts" path="C:\Users\xiaze\Desktop\ams\src\table.ts">
        <metrics statements="81" coveredstatements="81" conditionals="48" coveredconditionals="48" methods="58" coveredmethods="58"/>
        <line num="1" count="1" type="stmt"/>
        <line num="3" count="1" type="stmt"/>
        <line num="10" count="1" type="stmt"/>
        <line num="11" count="1" type="stmt"/>
        <line num="20" count="1" type="stmt"/>
        <line num="75" count="1" type="stmt"/>
        <line num="80" count="364" type="stmt"/>
        <line num="84" count="1092" type="cond" truecount="2" falsecount="0"/>
        <line num="85" count="784" type="cond" truecount="2" falsecount="0"/>
        <line num="86" count="1124" type="stmt"/>
        <line num="89" count="4257" type="stmt"/>
        <line num="92" count="142" type="stmt"/>
        <line num="93" count="142" type="stmt"/>
        <line num="96" count="54" type="stmt"/>
        <line num="101" count="54" type="stmt"/>
        <line num="105" count="1031" type="stmt"/>
        <line num="110" count="3703" type="stmt"/>
        <line num="111" count="3703" type="stmt"/>
        <line num="112" count="1031" type="stmt"/>
        <line num="117" count="12" type="stmt"/>
        <line num="122" count="12" type="stmt"/>
        <line num="131" count="1" type="stmt"/>
        <line num="135" count="42" type="cond" truecount="2" falsecount="0"/>
        <line num="136" count="42" type="cond" truecount="2" falsecount="0"/>
        <line num="141" count="15" type="cond" truecount="2" falsecount="0"/>
        <line num="142" count="1" type="stmt"/>
        <line num="143" count="14" type="stmt"/>
        <line num="145" count="14" type="stmt"/>
        <line num="146" count="14" type="stmt"/>
        <line num="148" count="14" type="stmt"/>
        <line num="149" count="14" type="stmt"/>
        <line num="152" count="29" type="cond" truecount="2" falsecount="0"/>
        <line num="153" count="1" type="stmt"/>
        <line num="154" count="28" type="stmt"/>
        <line num="156" count="28" type="stmt"/>
        <line num="157" count="20" type="cond" truecount="2" falsecount="0"/>
        <line num="160" count="28" type="stmt"/>
        <line num="161" count="28" type="stmt"/>
        <line num="165" count="1" type="stmt"/>
        <line num="167" count="1" type="stmt"/>
        <line num="171" count="350" type="stmt"/>
        <line num="175" count="659" type="cond" truecount="2" falsecount="0"/>
        <line num="176" count="659" type="cond" truecount="2" falsecount="0"/>
        <line num="181" count="6" type="stmt"/>
        <line num="182" count="6" type="stmt"/>
        <line num="185" count="6" type="stmt"/>
        <line num="186" count="6" type="stmt"/>
        <line num="189" count="2" type="stmt"/>
        <line num="190" count="3" type="stmt"/>
        <line num="191" count="3" type="stmt"/>
        <line num="192" count="3" type="stmt"/>
        <line num="193" count="3" type="stmt"/>
        <line num="195" count="2" type="stmt"/>
        <line num="196" count="3" type="cond" truecount="2" falsecount="0"/>
        <line num="197" count="1" type="stmt"/>
        <line num="199" count="2" type="stmt"/>
        <line num="200" count="2" type="stmt"/>
        <line num="205" count="1" type="stmt"/>
        <line num="214" count="10" type="stmt"/>
        <line num="218" count="327" type="cond" truecount="2" falsecount="0"/>
        <line num="219" count="327" type="cond" truecount="2" falsecount="0"/>
        <line num="220" count="327" type="cond" truecount="2" falsecount="0"/>
        <line num="221" count="327" type="cond" truecount="2" falsecount="0"/>
        <line num="222" count="327" type="cond" truecount="2" falsecount="0"/>
        <line num="223" count="327" type="cond" truecount="2" falsecount="0"/>
        <line num="224" count="327" type="cond" truecount="2" falsecount="0"/>
        <line num="229" count="4" type="stmt"/>
        <line num="230" count="4" type="stmt"/>
        <line num="233" count="4" type="stmt"/>
        <line num="234" count="4" type="stmt"/>
        <line num="237" count="1440" type="cond" truecount="4" falsecount="0"/>
        <line num="238" count="752" type="stmt"/>
        <line num="239" count="688" type="cond" truecount="4" falsecount="0"/>
        <line num="240" count="381" type="cond" truecount="2" falsecount="0"/>
        <line num="241" count="363" type="stmt"/>
        <line num="242" count="18" type="stmt"/>
        <line num="244" count="307" type="stmt"/>
        <line num="247" count="324" type="stmt"/>
        <line num="248" count="324" type="stmt"/>
        <line num="249" count="324" type="stmt"/>
        <line num="258" count="12" type="stmt"/>
      </file>
    </package>
    <package name="src.lib">
      <metrics statements="19" coveredstatements="19" conditionals="4" coveredconditionals="4" methods="15" coveredmethods="15"/>
      <file name="connection.ts" path="C:\Users\xiaze\Desktop\ams\src\lib\connection.ts">
        <metrics statements="12" coveredstatements="12" conditionals="4" coveredconditionals="4" methods="7" coveredmethods="7"/>
        <line num="1" count="3" type="stmt"/>
        <line num="2" count="3" type="stmt"/>
        <line num="10" count="3" type="stmt"/>
        <line num="15" count="4" type="cond" truecount="2" falsecount="0"/>
        <line num="16" count="1" type="stmt"/>
        <line num="17" count="3" type="stmt"/>
        <line num="22" count="3" type="stmt"/>
        <line num="26" count="3920" type="stmt"/>
        <line num="30" count="142" type="stmt"/>
        <line num="34" count="3727" type="stmt"/>
        <line num="38" count="51" type="stmt"/>
        <line num="42" count="5" type="cond" truecount="2" falsecount="0"/>
      </file>
      <file name="database.ts" path="C:\Users\xiaze\Desktop\ams\src\lib\database.ts">
        <metrics statements="7" coveredstatements="7" conditionals="0" coveredconditionals="0" methods="8" coveredmethods="8"/>
        <line num="1" count="2" type="stmt"/>
        <line num="9" count="2" type="stmt"/>
        <line num="11" count="2" type="stmt"/>
        <line num="15" count="138" type="stmt"/>
        <line num="23" count="50" type="stmt"/>
        <line num="31" count="3719" type="stmt"/>
        <line num="35" count="3719" type="stmt"/>
      </file>
    </package>
  </project>
</coverage>
