{"C:\\Users\\xiaze\\Desktop\\ams\\src\\table.ts": {"path":"C:\\Users\\xiaze\\Desktop\\ams\\src\\table.ts","statementMap":{"0":{"start":{"line":1,"column":0},"end":{"line":1,"column":51}},"1":{"start":{"line":3,"column":13},"end":{"line":3,"column":33}},"2":{"start":{"line":10,"column":13},"end":{"line":10,"column":75}},"3":{"start":{"line":11,"column":13},"end":{"line":19,"column":2}},"4":{"start":{"line":20,"column":13},"end":{"line":33,"column":2}},"5":{"start":{"line":80,"column":4},"end":{"line":84,"column":60}},"6":{"start":{"line":84,"column":36},"end":{"line":84,"column":58}},"7":{"start":{"line":85,"column":4},"end":{"line":86,"column":44}},"8":{"start":{"line":85,"column":69},"end":{"line":85,"column":105}},"9":{"start":{"line":86,"column":22},"end":{"line":86,"column":42}},"10":{"start":{"line":89,"column":4},"end":{"line":89,"column":73}},"11":{"start":{"line":89,"column":44},"end":{"line":89,"column":66}},"12":{"start":{"line":92,"column":4},"end":{"line":93,"column":96}},"13":{"start":{"line":92,"column":45},"end":{"line":92,"column":73}},"14":{"start":{"line":93,"column":19},"end":{"line":93,"column":94}},"15":{"start":{"line":93,"column":50},"end":{"line":93,"column":88}},"16":{"start":{"line":96,"column":4},"end":{"line":102,"column":7}},"17":{"start":{"line":101,"column":6},"end":{"line":101,"column":18}},"18":{"start":{"line":105,"column":4},"end":{"line":114,"column":7}},"19":{"start":{"line":110,"column":6},"end":{"line":113,"column":9}},"20":{"start":{"line":110,"column":47},"end":{"line":110,"column":78}},"21":{"start":{"line":111,"column":8},"end":{"line":111,"column":87}},"22":{"start":{"line":111,"column":42},"end":{"line":111,"column":73}},"23":{"start":{"line":112,"column":8},"end":{"line":112,"column":20}},"24":{"start":{"line":117,"column":4},"end":{"line":123,"column":7}},"25":{"start":{"line":122,"column":6},"end":{"line":122,"column":18}},"26":{"start":{"line":75,"column":0},"end":{"line":75,"column":13}},"27":{"start":{"line":131,"column":4},"end":{"line":138,"column":12}},"28":{"start":{"line":135,"column":62},"end":{"line":135,"column":95}},"29":{"start":{"line":135,"column":131},"end":{"line":135,"column":148}},"30":{"start":{"line":136,"column":62},"end":{"line":136,"column":95}},"31":{"start":{"line":136,"column":131},"end":{"line":136,"column":148}},"32":{"start":{"line":141,"column":4},"end":{"line":142,"column":67}},"33":{"start":{"line":142,"column":6},"end":{"line":142,"column":67}},"34":{"start":{"line":143,"column":4},"end":{"line":143,"column":31}},"35":{"start":{"line":145,"column":4},"end":{"line":145,"column":30}},"36":{"start":{"line":146,"column":5},"end":{"line":146,"column":37}},"37":{"start":{"line":148,"column":4},"end":{"line":148,"column":28}},"38":{"start":{"line":149,"column":4},"end":{"line":149,"column":16}},"39":{"start":{"line":152,"column":4},"end":{"line":153,"column":67}},"40":{"start":{"line":153,"column":6},"end":{"line":153,"column":67}},"41":{"start":{"line":154,"column":4},"end":{"line":154,"column":31}},"42":{"start":{"line":156,"column":4},"end":{"line":158,"column":11}},"43":{"start":{"line":157,"column":6},"end":{"line":157,"column":51}},"44":{"start":{"line":160,"column":4},"end":{"line":160,"column":28}},"45":{"start":{"line":161,"column":4},"end":{"line":161,"column":16}},"46":{"start":{"line":165,"column":13},"end":{"line":165,"column":33}},"47":{"start":{"line":171,"column":4},"end":{"line":178,"column":null}},"48":{"start":{"line":175,"column":63},"end":{"line":175,"column":102}},"49":{"start":{"line":175,"column":136},"end":{"line":175,"column":153}},"50":{"start":{"line":176,"column":63},"end":{"line":176,"column":93}},"51":{"start":{"line":176,"column":127},"end":{"line":176,"column":144}},"52":{"start":{"line":181,"column":4},"end":{"line":181,"column":38}},"53":{"start":{"line":182,"column":4},"end":{"line":182,"column":30}},"54":{"start":{"line":185,"column":4},"end":{"line":185,"column":38}},"55":{"start":{"line":186,"column":4},"end":{"line":186,"column":32}},"56":{"start":{"line":189,"column":4},"end":{"line":201,"column":7}},"57":{"start":{"line":190,"column":16},"end":{"line":190,"column":29}},"58":{"start":{"line":191,"column":6},"end":{"line":191,"column":17}},"59":{"start":{"line":192,"column":6},"end":{"line":192,"column":30}},"60":{"start":{"line":193,"column":6},"end":{"line":193,"column":15}},"61":{"start":{"line":195,"column":6},"end":{"line":198,"column":null}},"62":{"start":{"line":196,"column":8},"end":{"line":196,"column":45}},"63":{"start":{"line":196,"column":31},"end":{"line":196,"column":45}},"64":{"start":{"line":197,"column":8},"end":{"line":197,"column":19}},"65":{"start":{"line":199,"column":6},"end":{"line":199,"column":33}},"66":{"start":{"line":200,"column":6},"end":{"line":200,"column":18}},"67":{"start":{"line":167,"column":0},"end":{"line":167,"column":13}},"68":{"start":{"line":214,"column":4},"end":{"line":226,"column":12}},"69":{"start":{"line":218,"column":77},"end":{"line":218,"column":134}},"70":{"start":{"line":218,"column":169},"end":{"line":218,"column":189}},"71":{"start":{"line":219,"column":65},"end":{"line":219,"column":104}},"72":{"start":{"line":219,"column":138},"end":{"line":219,"column":155}},"73":{"start":{"line":220,"column":73},"end":{"line":220,"column":112}},"74":{"start":{"line":220,"column":146},"end":{"line":220,"column":163}},"75":{"start":{"line":221,"column":86},"end":{"line":221,"column":132}},"76":{"start":{"line":221,"column":164},"end":{"line":221,"column":196}},"77":{"start":{"line":222,"column":84},"end":{"line":222,"column":130}},"78":{"start":{"line":222,"column":162},"end":{"line":222,"column":194}},"79":{"start":{"line":223,"column":67},"end":{"line":223,"column":101}},"80":{"start":{"line":223,"column":138},"end":{"line":223,"column":155}},"81":{"start":{"line":224,"column":66},"end":{"line":224,"column":99}},"82":{"start":{"line":224,"column":135},"end":{"line":224,"column":152}},"83":{"start":{"line":229,"column":4},"end":{"line":229,"column":38}},"84":{"start":{"line":230,"column":4},"end":{"line":230,"column":30}},"85":{"start":{"line":233,"column":4},"end":{"line":233,"column":38}},"86":{"start":{"line":234,"column":4},"end":{"line":234,"column":32}},"87":{"start":{"line":237,"column":4},"end":{"line":238,"column":19}},"88":{"start":{"line":238,"column":6},"end":{"line":238,"column":19}},"89":{"start":{"line":239,"column":4},"end":{"line":243,"column":null}},"90":{"start":{"line":240,"column":6},"end":{"line":241,"column":64}},"91":{"start":{"line":241,"column":8},"end":{"line":241,"column":64}},"92":{"start":{"line":242,"column":6},"end":{"line":242,"column":18}},"93":{"start":{"line":244,"column":4},"end":{"line":244,"column":17}},"94":{"start":{"line":247,"column":4},"end":{"line":247,"column":31}},"95":{"start":{"line":248,"column":4},"end":{"line":248,"column":39}},"96":{"start":{"line":249,"column":4},"end":{"line":255,"column":6}},"97":{"start":{"line":258,"column":4},"end":{"line":258,"column":121}},"98":{"start":{"line":205,"column":0},"end":{"line":205,"column":13}}},"fnMap":{"0":{"name":"(anonymous_0)","decl":{"start":{"line":79,"column":2},"end":{"line":79,"column":14}},"loc":{"start":{"line":79,"column":51},"end":{"line":87,"column":3}}},"1":{"name":"(anonymous_1)","decl":{"start":{"line":84,"column":29},"end":{"line":84,"column":32}},"loc":{"start":{"line":84,"column":36},"end":{"line":84,"column":58}}},"2":{"name":"(anonymous_2)","decl":{"start":{"line":85,"column":54},"end":{"line":85,"column":55}},"loc":{"start":{"line":85,"column":69},"end":{"line":85,"column":105}}},"3":{"name":"(anonymous_3)","decl":{"start":{"line":86,"column":15},"end":{"line":86,"column":18}},"loc":{"start":{"line":86,"column":22},"end":{"line":86,"column":42}}},"4":{"name":"(anonymous_4)","decl":{"start":{"line":88,"column":2},"end":{"line":88,"column":12}},"loc":{"start":{"line":88,"column":12},"end":{"line":90,"column":3}}},"5":{"name":"(anonymous_5)","decl":{"start":{"line":89,"column":29},"end":{"line":89,"column":30}},"loc":{"start":{"line":89,"column":44},"end":{"line":89,"column":66}}},"6":{"name":"(anonymous_6)","decl":{"start":{"line":91,"column":2},"end":{"line":91,"column":7}},"loc":{"start":{"line":91,"column":19},"end":{"line":94,"column":3}}},"7":{"name":"(anonymous_7)","decl":{"start":{"line":92,"column":38},"end":{"line":92,"column":41}},"loc":{"start":{"line":92,"column":45},"end":{"line":92,"column":73}}},"8":{"name":"(anonymous_8)","decl":{"start":{"line":93,"column":12},"end":{"line":93,"column":15}},"loc":{"start":{"line":93,"column":19},"end":{"line":93,"column":94}}},"9":{"name":"(anonymous_9)","decl":{"start":{"line":93,"column":30},"end":{"line":93,"column":31}},"loc":{"start":{"line":93,"column":50},"end":{"line":93,"column":88}}},"10":{"name":"(anonymous_10)","decl":{"start":{"line":95,"column":2},"end":{"line":95,"column":7}},"loc":{"start":{"line":95,"column":18},"end":{"line":103,"column":3}}},"11":{"name":"(anonymous_11)","decl":{"start":{"line":100,"column":12},"end":{"line":100,"column":15}},"loc":{"start":{"line":100,"column":17},"end":{"line":102,"column":5}}},"12":{"name":"(anonymous_12)","decl":{"start":{"line":104,"column":2},"end":{"line":104,"column":7}},"loc":{"start":{"line":104,"column":21},"end":{"line":115,"column":3}}},"13":{"name":"(anonymous_13)","decl":{"start":{"line":109,"column":12},"end":{"line":109,"column":19}},"loc":{"start":{"line":109,"column":22},"end":{"line":114,"column":5}}},"14":{"name":"(anonymous_14)","decl":{"start":{"line":110,"column":40},"end":{"line":110,"column":43}},"loc":{"start":{"line":110,"column":47},"end":{"line":110,"column":78}}},"15":{"name":"(anonymous_15)","decl":{"start":{"line":110,"column":86},"end":{"line":110,"column":92}},"loc":{"start":{"line":110,"column":95},"end":{"line":113,"column":7}}},"16":{"name":"(anonymous_16)","decl":{"start":{"line":111,"column":23},"end":{"line":111,"column":24}},"loc":{"start":{"line":111,"column":42},"end":{"line":111,"column":73}}},"17":{"name":"(anonymous_17)","decl":{"start":{"line":116,"column":2},"end":{"line":116,"column":7}},"loc":{"start":{"line":116,"column":20},"end":{"line":124,"column":3}}},"18":{"name":"(anonymous_18)","decl":{"start":{"line":121,"column":12},"end":{"line":121,"column":15}},"loc":{"start":{"line":121,"column":17},"end":{"line":123,"column":5}}},"19":{"name":"(anonymous_19)","decl":{"start":{"line":130,"column":2},"end":{"line":130,"column":14}},"loc":{"start":{"line":130,"column":31},"end":{"line":139,"column":3}}},"20":{"name":"(anonymous_20)","decl":{"start":{"line":135,"column":51},"end":{"line":135,"column":56}},"loc":{"start":{"line":135,"column":62},"end":{"line":135,"column":95}}},"21":{"name":"(anonymous_21)","decl":{"start":{"line":135,"column":108},"end":{"line":135,"column":113}},"loc":{"start":{"line":135,"column":131},"end":{"line":135,"column":148}}},"22":{"name":"(anonymous_22)","decl":{"start":{"line":136,"column":51},"end":{"line":136,"column":56}},"loc":{"start":{"line":136,"column":62},"end":{"line":136,"column":95}}},"23":{"name":"(anonymous_23)","decl":{"start":{"line":136,"column":108},"end":{"line":136,"column":113}},"loc":{"start":{"line":136,"column":131},"end":{"line":136,"column":148}}},"24":{"name":"(anonymous_24)","decl":{"start":{"line":140,"column":2},"end":{"line":140,"column":7}},"loc":{"start":{"line":140,"column":37},"end":{"line":150,"column":3}}},"25":{"name":"(anonymous_25)","decl":{"start":{"line":151,"column":2},"end":{"line":151,"column":7}},"loc":{"start":{"line":151,"column":37},"end":{"line":162,"column":3}}},"26":{"name":"(anonymous_26)","decl":{"start":{"line":156,"column":47},"end":{"line":156,"column":48}},"loc":{"start":{"line":156,"column":60},"end":{"line":158,"column":5}}},"27":{"name":"(anonymous_27)","decl":{"start":{"line":170,"column":2},"end":{"line":170,"column":14}},"loc":{"start":{"line":170,"column":33},"end":{"line":179,"column":3}}},"28":{"name":"(anonymous_28)","decl":{"start":{"line":175,"column":52},"end":{"line":175,"column":57}},"loc":{"start":{"line":175,"column":63},"end":{"line":175,"column":102}}},"29":{"name":"(anonymous_29)","decl":{"start":{"line":175,"column":115},"end":{"line":175,"column":120}},"loc":{"start":{"line":175,"column":136},"end":{"line":175,"column":153}}},"30":{"name":"(anonymous_30)","decl":{"start":{"line":176,"column":52},"end":{"line":176,"column":57}},"loc":{"start":{"line":176,"column":63},"end":{"line":176,"column":93}}},"31":{"name":"(anonymous_31)","decl":{"start":{"line":176,"column":106},"end":{"line":176,"column":111}},"loc":{"start":{"line":176,"column":127},"end":{"line":176,"column":144}}},"32":{"name":"(anonymous_32)","decl":{"start":{"line":180,"column":2},"end":{"line":180,"column":7}},"loc":{"start":{"line":180,"column":18},"end":{"line":183,"column":3}}},"33":{"name":"(anonymous_33)","decl":{"start":{"line":184,"column":2},"end":{"line":184,"column":7}},"loc":{"start":{"line":184,"column":20},"end":{"line":187,"column":3}}},"34":{"name":"(anonymous_34)","decl":{"start":{"line":188,"column":2},"end":{"line":188,"column":7}},"loc":{"start":{"line":188,"column":30},"end":{"line":202,"column":3}}},"35":{"name":"(anonymous_35)","decl":{"start":{"line":189,"column":37},"end":{"line":189,"column":42}},"loc":{"start":{"line":189,"column":51},"end":{"line":194,"column":5}}},"36":{"name":"(anonymous_36)","decl":{"start":{"line":194,"column":13},"end":{"line":194,"column":18}},"loc":{"start":{"line":194,"column":30},"end":{"line":201,"column":5}}},"37":{"name":"(anonymous_37)","decl":{"start":{"line":195,"column":30},"end":{"line":195,"column":31}},"loc":{"start":{"line":195,"column":43},"end":{"line":198,"column":7}}},"38":{"name":"(anonymous_38)","decl":{"start":{"line":213,"column":2},"end":{"line":213,"column":14}},"loc":{"start":{"line":213,"column":34},"end":{"line":227,"column":3}}},"39":{"name":"(anonymous_39)","decl":{"start":{"line":218,"column":66},"end":{"line":218,"column":71}},"loc":{"start":{"line":218,"column":77},"end":{"line":218,"column":134}}},"40":{"name":"(anonymous_40)","decl":{"start":{"line":218,"column":147},"end":{"line":218,"column":152}},"loc":{"start":{"line":218,"column":169},"end":{"line":218,"column":189}}},"41":{"name":"(anonymous_41)","decl":{"start":{"line":219,"column":54},"end":{"line":219,"column":59}},"loc":{"start":{"line":219,"column":65},"end":{"line":219,"column":104}}},"42":{"name":"(anonymous_42)","decl":{"start":{"line":219,"column":117},"end":{"line":219,"column":122}},"loc":{"start":{"line":219,"column":138},"end":{"line":219,"column":155}}},"43":{"name":"(anonymous_43)","decl":{"start":{"line":220,"column":62},"end":{"line":220,"column":67}},"loc":{"start":{"line":220,"column":73},"end":{"line":220,"column":112}}},"44":{"name":"(anonymous_44)","decl":{"start":{"line":220,"column":125},"end":{"line":220,"column":130}},"loc":{"start":{"line":220,"column":146},"end":{"line":220,"column":163}}},"45":{"name":"(anonymous_45)","decl":{"start":{"line":221,"column":75},"end":{"line":221,"column":80}},"loc":{"start":{"line":221,"column":86},"end":{"line":221,"column":132}}},"46":{"name":"(anonymous_46)","decl":{"start":{"line":221,"column":145},"end":{"line":221,"column":150}},"loc":{"start":{"line":221,"column":164},"end":{"line":221,"column":196}}},"47":{"name":"(anonymous_47)","decl":{"start":{"line":222,"column":73},"end":{"line":222,"column":78}},"loc":{"start":{"line":222,"column":84},"end":{"line":222,"column":130}}},"48":{"name":"(anonymous_48)","decl":{"start":{"line":222,"column":143},"end":{"line":222,"column":148}},"loc":{"start":{"line":222,"column":162},"end":{"line":222,"column":194}}},"49":{"name":"(anonymous_49)","decl":{"start":{"line":223,"column":56},"end":{"line":223,"column":61}},"loc":{"start":{"line":223,"column":67},"end":{"line":223,"column":101}}},"50":{"name":"(anonymous_50)","decl":{"start":{"line":223,"column":114},"end":{"line":223,"column":119}},"loc":{"start":{"line":223,"column":138},"end":{"line":223,"column":155}}},"51":{"name":"(anonymous_51)","decl":{"start":{"line":224,"column":55},"end":{"line":224,"column":60}},"loc":{"start":{"line":224,"column":66},"end":{"line":224,"column":99}}},"52":{"name":"(anonymous_52)","decl":{"start":{"line":224,"column":112},"end":{"line":224,"column":117}},"loc":{"start":{"line":224,"column":135},"end":{"line":224,"column":152}}},"53":{"name":"(anonymous_53)","decl":{"start":{"line":228,"column":2},"end":{"line":228,"column":7}},"loc":{"start":{"line":228,"column":18},"end":{"line":231,"column":3}}},"54":{"name":"(anonymous_54)","decl":{"start":{"line":232,"column":2},"end":{"line":232,"column":7}},"loc":{"start":{"line":232,"column":20},"end":{"line":235,"column":3}}},"55":{"name":"(anonymous_55)","decl":{"start":{"line":236,"column":2},"end":{"line":236,"column":10}},"loc":{"start":{"line":236,"column":37},"end":{"line":245,"column":3}}},"56":{"name":"(anonymous_56)","decl":{"start":{"line":246,"column":2},"end":{"line":246,"column":7}},"loc":{"start":{"line":246,"column":44},"end":{"line":256,"column":3}}},"57":{"name":"(anonymous_57)","decl":{"start":{"line":257,"column":2},"end":{"line":257,"column":7}},"loc":{"start":{"line":257,"column":36},"end":{"line":259,"column":3}}}},"branchMap":{"0":{"loc":{"start":{"line":84,"column":7},"end":{"line":84,"column":12}},"type":"binary-expr","locations":[{"start":{"line":84,"column":7},"end":{"line":84,"column":12}},{"start":{"line":84,"column":16},"end":{"line":84,"column":18}}]},"1":{"loc":{"start":{"line":85,"column":113},"end":{"line":85,"column":116}},"type":"binary-expr","locations":[{"start":{"line":85,"column":113},"end":{"line":85,"column":116}},{"start":{"line":85,"column":120},"end":{"line":85,"column":122}}]},"2":{"loc":{"start":{"line":135,"column":73},"end":{"line":135,"column":74}},"type":"binary-expr","locations":[{"start":{"line":135,"column":73},"end":{"line":135,"column":74}},{"start":{"line":135,"column":78},"end":{"line":135,"column":82}}]},"3":{"loc":{"start":{"line":136,"column":73},"end":{"line":136,"column":74}},"type":"binary-expr","locations":[{"start":{"line":136,"column":73},"end":{"line":136,"column":74}},{"start":{"line":136,"column":78},"end":{"line":136,"column":82}}]},"4":{"loc":{"start":{"line":141,"column":4},"end":{"line":142,"column":67}},"type":"if","locations":[{"start":{"line":141,"column":4},"end":{"line":142,"column":67}},{"start":{"line":141,"column":4},"end":{"line":142,"column":67}}]},"5":{"loc":{"start":{"line":152,"column":4},"end":{"line":153,"column":67}},"type":"if","locations":[{"start":{"line":152,"column":4},"end":{"line":153,"column":67}},{"start":{"line":152,"column":4},"end":{"line":153,"column":67}}]},"6":{"loc":{"start":{"line":157,"column":26},"end":{"line":157,"column":29}},"type":"cond-expr","locations":[{"start":{"line":157,"column":26},"end":{"line":157,"column":29}},{"start":{"line":157,"column":32},"end":{"line":157,"column":45}}]},"7":{"loc":{"start":{"line":175,"column":74},"end":{"line":175,"column":75}},"type":"binary-expr","locations":[{"start":{"line":175,"column":74},"end":{"line":175,"column":75}},{"start":{"line":175,"column":79},"end":{"line":175,"column":91}}]},"8":{"loc":{"start":{"line":176,"column":74},"end":{"line":176,"column":75}},"type":"binary-expr","locations":[{"start":{"line":176,"column":74},"end":{"line":176,"column":75}},{"start":{"line":176,"column":79},"end":{"line":176,"column":82}}]},"9":{"loc":{"start":{"line":196,"column":8},"end":{"line":196,"column":45}},"type":"if","locations":[{"start":{"line":196,"column":8},"end":{"line":196,"column":45}},{"start":{"line":196,"column":8},"end":{"line":196,"column":45}}]},"10":{"loc":{"start":{"line":218,"column":106},"end":{"line":218,"column":107}},"type":"binary-expr","locations":[{"start":{"line":218,"column":106},"end":{"line":218,"column":107}},{"start":{"line":218,"column":111},"end":{"line":218,"column":114}}]},"11":{"loc":{"start":{"line":219,"column":76},"end":{"line":219,"column":77}},"type":"binary-expr","locations":[{"start":{"line":219,"column":76},"end":{"line":219,"column":77}},{"start":{"line":219,"column":81},"end":{"line":219,"column":93}}]},"12":{"loc":{"start":{"line":220,"column":84},"end":{"line":220,"column":85}},"type":"binary-expr","locations":[{"start":{"line":220,"column":84},"end":{"line":220,"column":85}},{"start":{"line":220,"column":89},"end":{"line":220,"column":101}}]},"13":{"loc":{"start":{"line":221,"column":106},"end":{"line":221,"column":107}},"type":"binary-expr","locations":[{"start":{"line":221,"column":106},"end":{"line":221,"column":107}},{"start":{"line":221,"column":111},"end":{"line":221,"column":130}}]},"14":{"loc":{"start":{"line":222,"column":104},"end":{"line":222,"column":105}},"type":"binary-expr","locations":[{"start":{"line":222,"column":104},"end":{"line":222,"column":105}},{"start":{"line":222,"column":109},"end":{"line":222,"column":128}}]},"15":{"loc":{"start":{"line":223,"column":78},"end":{"line":223,"column":79}},"type":"binary-expr","locations":[{"start":{"line":223,"column":78},"end":{"line":223,"column":79}},{"start":{"line":223,"column":83},"end":{"line":223,"column":87}}]},"16":{"loc":{"start":{"line":224,"column":77},"end":{"line":224,"column":78}},"type":"binary-expr","locations":[{"start":{"line":224,"column":77},"end":{"line":224,"column":78}},{"start":{"line":224,"column":82},"end":{"line":224,"column":86}}]},"17":{"loc":{"start":{"line":237,"column":4},"end":{"line":238,"column":19}},"type":"if","locations":[{"start":{"line":237,"column":4},"end":{"line":238,"column":19}},{"start":{"line":237,"column":4},"end":{"line":238,"column":19}}]},"18":{"loc":{"start":{"line":237,"column":8},"end":{"line":237,"column":27}},"type":"binary-expr","locations":[{"start":{"line":237,"column":8},"end":{"line":237,"column":27}},{"start":{"line":237,"column":31},"end":{"line":237,"column":61}}]},"19":{"loc":{"start":{"line":239,"column":4},"end":{"line":243,"column":null}},"type":"if","locations":[{"start":{"line":239,"column":4},"end":{"line":243,"column":null}},{"start":{"line":239,"column":4},"end":{"line":243,"column":null}}]},"20":{"loc":{"start":{"line":239,"column":9},"end":{"line":239,"column":30}},"type":"binary-expr","locations":[{"start":{"line":239,"column":9},"end":{"line":239,"column":30}},{"start":{"line":239,"column":36},"end":{"line":239,"column":55}}]},"21":{"loc":{"start":{"line":240,"column":6},"end":{"line":241,"column":64}},"type":"if","locations":[{"start":{"line":240,"column":6},"end":{"line":241,"column":64}},{"start":{"line":240,"column":6},"end":{"line":241,"column":64}}]},"22":{"loc":{"start":{"line":253,"column":44},"end":{"line":253,"column":55}},"type":"cond-expr","locations":[{"start":{"line":253,"column":44},"end":{"line":253,"column":55}},{"start":{"line":253,"column":58},"end":{"line":253,"column":75}}]},"23":{"loc":{"start":{"line":254,"column":52},"end":{"line":254,"column":71}},"type":"cond-expr","locations":[{"start":{"line":254,"column":52},"end":{"line":254,"column":71}},{"start":{"line":254,"column":74},"end":{"line":254,"column":76}}]}},"s":{"0":1,"1":1,"2":1,"3":1,"4":1,"5":364,"6":1092,"7":364,"8":784,"9":1124,"10":1188,"11":4257,"12":57,"13":142,"14":57,"15":142,"16":54,"17":54,"18":1031,"19":1031,"20":3703,"21":1031,"22":3703,"23":1031,"24":12,"25":12,"26":1,"27":1,"28":42,"29":42,"30":42,"31":42,"32":15,"33":1,"34":14,"35":14,"36":14,"37":14,"38":14,"39":29,"40":1,"41":28,"42":28,"43":20,"44":28,"45":28,"46":1,"47":350,"48":659,"49":6,"50":659,"51":6,"52":6,"53":6,"54":6,"55":6,"56":2,"57":3,"58":3,"59":3,"60":3,"61":2,"62":3,"63":2,"64":1,"65":2,"66":2,"67":1,"68":10,"69":327,"70":4,"71":327,"72":4,"73":327,"74":4,"75":327,"76":4,"77":327,"78":4,"79":327,"80":4,"81":327,"82":4,"83":4,"84":4,"85":4,"86":4,"87":1440,"88":752,"89":688,"90":381,"91":363,"92":18,"93":307,"94":324,"95":324,"96":324,"97":12,"98":1},"f":{"0":364,"1":1092,"2":784,"3":1124,"4":1188,"5":4257,"6":57,"7":142,"8":57,"9":142,"10":54,"11":54,"12":1031,"13":1031,"14":3703,"15":1031,"16":3703,"17":12,"18":12,"19":1,"20":42,"21":42,"22":42,"23":42,"24":15,"25":29,"26":20,"27":350,"28":659,"29":6,"30":659,"31":6,"32":6,"33":6,"34":2,"35":3,"36":2,"37":3,"38":10,"39":327,"40":4,"41":327,"42":4,"43":327,"44":4,"45":327,"46":4,"47":327,"48":4,"49":327,"50":4,"51":327,"52":4,"53":4,"54":4,"55":1440,"56":324,"57":12},"b":{"0":[364,1],"1":[364,19],"2":[42,2],"3":[42,2],"4":[1,14],"5":[1,28],"6":[14,6],"7":[659,3],"8":[659,3],"9":[2,1],"10":[327,1],"11":[327,1],"12":[327,1],"13":[327,1],"14":[327,1],"15":[327,1],"16":[327,1],"17":[752,688],"18":[1440,996],"19":[381,307],"20":[688,648],"21":[363,18],"22":[36,288],"23":[36,288]}}
,"C:\\Users\\xiaze\\Desktop\\ams\\src\\lib\\connection.ts": {"path":"C:\\Users\\xiaze\\Desktop\\ams\\src\\lib\\connection.ts","statementMap":{"0":{"start":{"line":1,"column":0},"end":{"line":1,"column":29}},"1":{"start":{"line":2,"column":0},"end":{"line":2,"column":33}},"2":{"start":{"line":15,"column":4},"end":{"line":16,"column":118}},"3":{"start":{"line":16,"column":6},"end":{"line":16,"column":118}},"4":{"start":{"line":17,"column":4},"end":{"line":21,"column":7}},"5":{"start":{"line":22,"column":4},"end":{"line":22,"column":55}},"6":{"start":{"line":22,"column":32},"end":{"line":22,"column":53}},"7":{"start":{"line":26,"column":4},"end":{"line":26,"column":47}},"8":{"start":{"line":30,"column":4},"end":{"line":30,"column":62}},"9":{"start":{"line":34,"column":4},"end":{"line":34,"column":55}},"10":{"start":{"line":38,"column":4},"end":{"line":38,"column":58}},"11":{"start":{"line":42,"column":4},"end":{"line":42,"column":52}},"12":{"start":{"line":10,"column":0},"end":{"line":10,"column":13}}},"fnMap":{"0":{"name":"(anonymous_0)","decl":{"start":{"line":14,"column":2},"end":{"line":14,"column":null}},"loc":{"start":{"line":14,"column":2},"end":{"line":23,"column":3}}},"1":{"name":"(anonymous_1)","decl":{"start":{"line":22,"column":24},"end":{"line":22,"column":27}},"loc":{"start":{"line":22,"column":30},"end":{"line":22,"column":53}}},"2":{"name":"(anonymous_2)","decl":{"start":{"line":25,"column":10},"end":{"line":25,"column":24}},"loc":{"start":{"line":25,"column":42},"end":{"line":27,"column":3}}},"3":{"name":"(anonymous_3)","decl":{"start":{"line":29,"column":12},"end":{"line":29,"column":17}},"loc":{"start":{"line":29,"column":54},"end":{"line":31,"column":3}}},"4":{"name":"(anonymous_4)","decl":{"start":{"line":33,"column":12},"end":{"line":33,"column":17}},"loc":{"start":{"line":33,"column":39},"end":{"line":35,"column":3}}},"5":{"name":"(anonymous_5)","decl":{"start":{"line":37,"column":12},"end":{"line":37,"column":17}},"loc":{"start":{"line":37,"column":42},"end":{"line":39,"column":3}}},"6":{"name":"(anonymous_6)","decl":{"start":{"line":41,"column":2},"end":{"line":41,"column":7}},"loc":{"start":{"line":41,"column":27},"end":{"line":43,"column":3}}}},"branchMap":{"0":{"loc":{"start":{"line":15,"column":4},"end":{"line":16,"column":118}},"type":"if","locations":[{"start":{"line":15,"column":4},"end":{"line":16,"column":118}},{"start":{"line":15,"column":4},"end":{"line":16,"column":118}}]},"1":{"loc":{"start":{"line":42,"column":18},"end":{"line":42,"column":39}},"type":"cond-expr","locations":[{"start":{"line":42,"column":18},"end":{"line":42,"column":39}},{"start":{"line":42,"column":42},"end":{"line":42,"column":51}}]}},"s":{"0":3,"1":3,"2":4,"3":1,"4":3,"5":3,"6":1,"7":3920,"8":142,"9":3727,"10":51,"11":5,"12":3},"f":{"0":4,"1":1,"2":3920,"3":142,"4":3727,"5":51,"6":5},"b":{"0":[1,3],"1":[3,2]}}
,"C:\\Users\\xiaze\\Desktop\\ams\\src\\lib\\database.ts": {"path":"C:\\Users\\xiaze\\Desktop\\ams\\src\\lib\\database.ts","statementMap":{"0":{"start":{"line":1,"column":0},"end":{"line":1,"column":42}},"1":{"start":{"line":11,"column":4},"end":{"line":11,"column":12}},"2":{"start":{"line":15,"column":4},"end":{"line":19,"column":25}},"3":{"start":{"line":15,"column":57},"end":{"line":19,"column":22}},"4":{"start":{"line":23,"column":4},"end":{"line":27,"column":9}},"5":{"start":{"line":23,"column":44},"end":{"line":27,"column":6}},"6":{"start":{"line":31,"column":4},"end":{"line":35,"column":74}},"7":{"start":{"line":31,"column":51},"end":{"line":35,"column":6}},"8":{"start":{"line":35,"column":37},"end":{"line":35,"column":67}},"9":{"start":{"line":9,"column":0},"end":{"line":9,"column":13}}},"fnMap":{"0":{"name":"(anonymous_0)","decl":{"start":{"line":10,"column":2},"end":{"line":10,"column":null}},"loc":{"start":{"line":10,"column":2},"end":{"line":12,"column":3}}},"1":{"name":"(anonymous_1)","decl":{"start":{"line":14,"column":2},"end":{"line":14,"column":14}},"loc":{"start":{"line":14,"column":32},"end":{"line":20,"column":3}}},"2":{"name":"(anonymous_2)","decl":{"start":{"line":15,"column":50},"end":{"line":15,"column":53}},"loc":{"start":{"line":15,"column":57},"end":{"line":19,"column":22}}},"3":{"name":"(anonymous_3)","decl":{"start":{"line":22,"column":2},"end":{"line":22,"column":14}},"loc":{"start":{"line":22,"column":38},"end":{"line":28,"column":3}}},"4":{"name":"(anonymous_4)","decl":{"start":{"line":23,"column":37},"end":{"line":23,"column":40}},"loc":{"start":{"line":23,"column":44},"end":{"line":27,"column":6}}},"5":{"name":"(anonymous_5)","decl":{"start":{"line":30,"column":2},"end":{"line":30,"column":7}},"loc":{"start":{"line":30,"column":43},"end":{"line":36,"column":3}}},"6":{"name":"(anonymous_6)","decl":{"start":{"line":31,"column":44},"end":{"line":31,"column":47}},"loc":{"start":{"line":31,"column":51},"end":{"line":35,"column":6}}},"7":{"name":"(anonymous_7)","decl":{"start":{"line":35,"column":17},"end":{"line":35,"column":18}},"loc":{"start":{"line":35,"column":37},"end":{"line":35,"column":67}}}},"branchMap":{},"s":{"0":2,"1":2,"2":58,"3":138,"4":14,"5":50,"6":1039,"7":3719,"8":3719,"9":2},"f":{"0":2,"1":58,"2":138,"3":14,"4":50,"5":1039,"6":3719,"7":3719},"b":{}}
}
