TN:
SF:C:\Users\xiaze\Desktop\ams\src\table.ts
FN:79,(anonymous_0)
FN:84,(anonymous_1)
FN:85,(anonymous_2)
FN:86,(anonymous_3)
FN:88,(anonymous_4)
FN:89,(anonymous_5)
FN:91,(anonymous_6)
FN:92,(anonymous_7)
FN:93,(anonymous_8)
FN:93,(anonymous_9)
FN:95,(anonymous_10)
FN:100,(anonymous_11)
FN:104,(anonymous_12)
FN:109,(anonymous_13)
FN:110,(anonymous_14)
FN:110,(anonymous_15)
FN:111,(anonymous_16)
FN:116,(anonymous_17)
FN:121,(anonymous_18)
FN:130,(anonymous_19)
FN:135,(anonymous_20)
FN:135,(anonymous_21)
FN:136,(anonymous_22)
FN:136,(anonymous_23)
FN:140,(anonymous_24)
FN:151,(anonymous_25)
FN:156,(anonymous_26)
FN:170,(anonymous_27)
FN:175,(anonymous_28)
FN:175,(anonymous_29)
FN:176,(anonymous_30)
FN:176,(anonymous_31)
FN:180,(anonymous_32)
FN:184,(anonymous_33)
FN:188,(anonymous_34)
FN:189,(anonymous_35)
FN:194,(anonymous_36)
FN:195,(anonymous_37)
FN:213,(anonymous_38)
FN:218,(anonymous_39)
FN:218,(anonymous_40)
FN:219,(anonymous_41)
FN:219,(anonymous_42)
FN:220,(anonymous_43)
FN:220,(anonymous_44)
FN:221,(anonymous_45)
FN:221,(anonymous_46)
FN:222,(anonymous_47)
FN:222,(anonymous_48)
FN:223,(anonymous_49)
FN:223,(anonymous_50)
FN:224,(anonymous_51)
FN:224,(anonymous_52)
FN:228,(anonymous_53)
FN:232,(anonymous_54)
FN:236,(anonymous_55)
FN:246,(anonymous_56)
FN:257,(anonymous_57)
FNF:58
FNH:58
FNDA:364,(anonymous_0)
FNDA:1092,(anonymous_1)
FNDA:784,(anonymous_2)
FNDA:1124,(anonymous_3)
FNDA:1188,(anonymous_4)
FNDA:4257,(anonymous_5)
FNDA:57,(anonymous_6)
FNDA:142,(anonymous_7)
FNDA:57,(anonymous_8)
FNDA:142,(anonymous_9)
FNDA:54,(anonymous_10)
FNDA:54,(anonymous_11)
FNDA:1031,(anonymous_12)
FNDA:1031,(anonymous_13)
FNDA:3703,(anonymous_14)
FNDA:1031,(anonymous_15)
FNDA:3703,(anonymous_16)
FNDA:12,(anonymous_17)
FNDA:12,(anonymous_18)
FNDA:1,(anonymous_19)
FNDA:42,(anonymous_20)
FNDA:42,(anonymous_21)
FNDA:42,(anonymous_22)
FNDA:42,(anonymous_23)
FNDA:15,(anonymous_24)
FNDA:29,(anonymous_25)
FNDA:20,(anonymous_26)
FNDA:350,(anonymous_27)
FNDA:659,(anonymous_28)
FNDA:6,(anonymous_29)
FNDA:659,(anonymous_30)
FNDA:6,(anonymous_31)
FNDA:6,(anonymous_32)
FNDA:6,(anonymous_33)
FNDA:2,(anonymous_34)
FNDA:3,(anonymous_35)
FNDA:2,(anonymous_36)
FNDA:3,(anonymous_37)
FNDA:10,(anonymous_38)
FNDA:327,(anonymous_39)
FNDA:4,(anonymous_40)
FNDA:327,(anonymous_41)
FNDA:4,(anonymous_42)
FNDA:327,(anonymous_43)
FNDA:4,(anonymous_44)
FNDA:327,(anonymous_45)
FNDA:4,(anonymous_46)
FNDA:327,(anonymous_47)
FNDA:4,(anonymous_48)
FNDA:327,(anonymous_49)
FNDA:4,(anonymous_50)
FNDA:327,(anonymous_51)
FNDA:4,(anonymous_52)
FNDA:4,(anonymous_53)
FNDA:4,(anonymous_54)
FNDA:1440,(anonymous_55)
FNDA:324,(anonymous_56)
FNDA:12,(anonymous_57)
DA:1,1
DA:3,1
DA:10,1
DA:11,1
DA:20,1
DA:75,1
DA:80,364
DA:84,1092
DA:85,784
DA:86,1124
DA:89,4257
DA:92,142
DA:93,142
DA:96,54
DA:101,54
DA:105,1031
DA:110,3703
DA:111,3703
DA:112,1031
DA:117,12
DA:122,12
DA:131,1
DA:135,42
DA:136,42
DA:141,15
DA:142,1
DA:143,14
DA:145,14
DA:146,14
DA:148,14
DA:149,14
DA:152,29
DA:153,1
DA:154,28
DA:156,28
DA:157,20
DA:160,28
DA:161,28
DA:165,1
DA:167,1
DA:171,350
DA:175,659
DA:176,659
DA:181,6
DA:182,6
DA:185,6
DA:186,6
DA:189,2
DA:190,3
DA:191,3
DA:192,3
DA:193,3
DA:195,2
DA:196,3
DA:197,1
DA:199,2
DA:200,2
DA:205,1
DA:214,10
DA:218,327
DA:219,327
DA:220,327
DA:221,327
DA:222,327
DA:223,327
DA:224,327
DA:229,4
DA:230,4
DA:233,4
DA:234,4
DA:237,1440
DA:238,752
DA:239,688
DA:240,381
DA:241,363
DA:242,18
DA:244,307
DA:247,324
DA:248,324
DA:249,324
DA:258,12
LF:81
LH:81
BRDA:84,0,0,364
BRDA:84,0,1,1
BRDA:85,1,0,364
BRDA:85,1,1,19
BRDA:135,2,0,42
BRDA:135,2,1,2
BRDA:136,3,0,42
BRDA:136,3,1,2
BRDA:141,4,0,1
BRDA:141,4,1,14
BRDA:152,5,0,1
BRDA:152,5,1,28
BRDA:157,6,0,14
BRDA:157,6,1,6
BRDA:175,7,0,659
BRDA:175,7,1,3
BRDA:176,8,0,659
BRDA:176,8,1,3
BRDA:196,9,0,2
BRDA:196,9,1,1
BRDA:218,10,0,327
BRDA:218,10,1,1
BRDA:219,11,0,327
BRDA:219,11,1,1
BRDA:220,12,0,327
BRDA:220,12,1,1
BRDA:221,13,0,327
BRDA:221,13,1,1
BRDA:222,14,0,327
BRDA:222,14,1,1
BRDA:223,15,0,327
BRDA:223,15,1,1
BRDA:224,16,0,327
BRDA:224,16,1,1
BRDA:237,17,0,752
BRDA:237,17,1,688
BRDA:237,18,0,1440
BRDA:237,18,1,996
BRDA:239,19,0,381
BRDA:239,19,1,307
BRDA:239,20,0,688
BRDA:239,20,1,648
BRDA:240,21,0,363
BRDA:240,21,1,18
BRDA:253,22,0,36
BRDA:253,22,1,288
BRDA:254,23,0,36
BRDA:254,23,1,288
BRF:48
BRH:48
end_of_record
TN:
SF:C:\Users\xiaze\Desktop\ams\src\lib\connection.ts
FN:14,(anonymous_0)
FN:22,(anonymous_1)
FN:25,(anonymous_2)
FN:29,(anonymous_3)
FN:33,(anonymous_4)
FN:37,(anonymous_5)
FN:41,(anonymous_6)
FNF:7
FNH:7
FNDA:4,(anonymous_0)
FNDA:1,(anonymous_1)
FNDA:3920,(anonymous_2)
FNDA:142,(anonymous_3)
FNDA:3727,(anonymous_4)
FNDA:51,(anonymous_5)
FNDA:5,(anonymous_6)
DA:1,3
DA:2,3
DA:10,3
DA:15,4
DA:16,1
DA:17,3
DA:22,3
DA:26,3920
DA:30,142
DA:34,3727
DA:38,51
DA:42,5
LF:12
LH:12
BRDA:15,0,0,1
BRDA:15,0,1,3
BRDA:42,1,0,3
BRDA:42,1,1,2
BRF:4
BRH:4
end_of_record
TN:
SF:C:\Users\xiaze\Desktop\ams\src\lib\database.ts
FN:10,(anonymous_0)
FN:14,(anonymous_1)
FN:15,(anonymous_2)
FN:22,(anonymous_3)
FN:23,(anonymous_4)
FN:30,(anonymous_5)
FN:31,(anonymous_6)
FN:35,(anonymous_7)
FNF:8
FNH:8
FNDA:2,(anonymous_0)
FNDA:58,(anonymous_1)
FNDA:138,(anonymous_2)
FNDA:14,(anonymous_3)
FNDA:50,(anonymous_4)
FNDA:1039,(anonymous_5)
FNDA:3719,(anonymous_6)
FNDA:3719,(anonymous_7)
DA:1,2
DA:9,2
DA:11,2
DA:15,138
DA:23,50
DA:31,3719
DA:35,3719
LF:7
LH:7
BRF:0
BRH:0
end_of_record
